c:\users\vlad\documents\visual studio 2013\projects\libraryzeidel\libraryzeidel\debug\libraryzeidel.pch
c:\users\vlad\documents\visual studio 2013\projects\libraryzeidel\libraryzeidel\debug\vc120.pdb
c:\users\vlad\documents\visual studio 2013\projects\libraryzeidel\libraryzeidel\debug\stdafx.obj
c:\users\vlad\documents\visual studio 2013\projects\libraryzeidel\libraryzeidel\debug\libraryzeidel.obj
c:\users\vlad\documents\visual studio 2013\projects\libraryzeidel\libraryzeidel\debug\assemblyinfo.obj
c:\users\vlad\documents\visual studio 2013\projects\libraryzeidel\libraryzeidel\debug\.netframework,version=v4.5.assemblyattributes.obj
c:\users\vlad\documents\visual studio 2013\projects\libraryzeidel\debug\libraryzeidel.dll
c:\users\vlad\documents\visual studio 2013\projects\libraryzeidel\debug\libraryzeidel.pdb
c:\users\vlad\documents\visual studio 2013\projects\libraryzeidel\libraryzeidel\debug\app.res
c:\users\vlad\documents\visual studio 2013\projects\libraryzeidel\libraryzeidel\debug\libraryzeidel.tlog\cl.command.1.tlog
c:\users\vlad\documents\visual studio 2013\projects\libraryzeidel\libraryzeidel\debug\libraryzeidel.tlog\cl.read.1.tlog
c:\users\vlad\documents\visual studio 2013\projects\libraryzeidel\libraryzeidel\debug\libraryzeidel.tlog\cl.write.1.tlog
c:\users\vlad\documents\visual studio 2013\projects\libraryzeidel\libraryzeidel\debug\libraryzeidel.tlog\link.command.1.tlog
c:\users\vlad\documents\visual studio 2013\projects\libraryzeidel\libraryzeidel\debug\libraryzeidel.tlog\link.read.1.tlog
c:\users\vlad\documents\visual studio 2013\projects\libraryzeidel\libraryzeidel\debug\libraryzeidel.tlog\link.write.1.tlog
c:\users\vlad\documents\visual studio 2013\projects\libraryzeidel\libraryzeidel\debug\libraryzeidel.tlog\metagen.read.1.tlog
c:\users\vlad\documents\visual studio 2013\projects\libraryzeidel\libraryzeidel\debug\libraryzeidel.tlog\metagen.write.1.tlog
c:\users\vlad\documents\visual studio 2013\projects\libraryzeidel\libraryzeidel\debug\libraryzeidel.tlog\rc.command.1.tlog
c:\users\vlad\documents\visual studio 2013\projects\libraryzeidel\libraryzeidel\debug\libraryzeidel.tlog\rc.read.1.tlog
c:\users\vlad\documents\visual studio 2013\projects\libraryzeidel\libraryzeidel\debug\libraryzeidel.tlog\rc.write.1.tlog
c:\users\vlad\documents\visual studio 2013\projects\libraryzeidel\libraryzeidel\debug\libraryzeidel.tlog\rsaenh.dll.bi
c:\users\vlad\documents\visual studio 2013\projects\libraryzeidel\libraryzeidel\debug\libraryzeidel.tlog\tzres.dll.bi
